<?xml version="1.0" encoding="UTF-8"?>
<!-- Generated by org.testng.reporters.JUnitReportReporter -->
<testsuite skipped="0" hostname="DESKTOP-Q6RS37F" name="tuto.eclipse.jal.selenium.ng.TestBookingNG" tests="2" failures="0" timestamp="20 Feb 2019 09:28:51 GMT" time="24.879" errors="0">
  <testcase name="verifyHomepageTitle" time="6.168" classname="tuto.eclipse.jal.selenium.ng.TestBookingNG"/>
  <testcase name="verifyWeFindFlights" time="18.711" classname="tuto.eclipse.jal.selenium.ng.TestBookingNG"/>
</testsuite> <!-- tuto.eclipse.jal.selenium.ng.TestBookingNG -->
